2024-10-04T14:15:11.458+07:00  INFO 24360 --- [demo] [main] com.example.demo.DemoApplication         : Starting DemoApplication using Java 21.0.3 with PID 24360 (D:\Internship\ApartmentManagementProject\ApartmentManagement\target\classes started by NITRO 5 in d:\Internship\ApartmentManagementProject\ApartmentManagement)
2024-10-04T14:15:11.460+07:00 DEBUG 24360 --- [demo] [main] com.example.demo.DemoApplication         : Running with Spring Boot v3.3.4, Spring v6.1.13
2024-10-04T14:15:11.462+07:00  INFO 24360 --- [demo] [main] com.example.demo.DemoApplication         : No active profile set, falling back to 1 default profile: "default"
2024-10-04T14:15:12.467+07:00  INFO 24360 --- [demo] [main] .s.d.r.c.RepositoryConfigurationDelegate : Bootstrapping Spring Data JPA repositories in DEFAULT mode.
2024-10-04T14:15:12.490+07:00  INFO 24360 --- [demo] [main] .s.d.r.c.RepositoryConfigurationDelegate : Finished Spring Data repository scanning in 16 ms. Found 0 JPA repository interfaces.
2024-10-04T14:15:13.490+07:00  INFO 24360 --- [demo] [main] o.s.b.w.embedded.tomcat.TomcatWebServer  : Tomcat initialized with port 8081 (http)
2024-10-04T14:15:13.523+07:00  INFO 24360 --- [demo] [main] o.apache.catalina.core.StandardService   : Starting service [Tomcat]
2024-10-04T14:15:13.525+07:00  INFO 24360 --- [demo] [main] o.apache.catalina.core.StandardEngine    : Starting Servlet engine: [Apache Tomcat/10.1.30]
2024-10-04T14:15:13.630+07:00  INFO 24360 --- [demo] [main] o.a.c.c.C.[Tomcat].[localhost].[/]       : Initializing Spring embedded WebApplicationContext
2024-10-04T14:15:13.632+07:00  INFO 24360 --- [demo] [main] w.s.c.ServletWebServerApplicationContext : Root WebApplicationContext: initialization completed in 2085 ms
2024-10-04T14:15:13.907+07:00  INFO 24360 --- [demo] [main] com.zaxxer.hikari.HikariDataSource       : HikariPool-1 - Starting...
2024-10-04T14:15:14.216+07:00  INFO 24360 --- [demo] [main] com.zaxxer.hikari.pool.HikariPool        : HikariPool-1 - Added connection conn0: url=jdbc:h2:mem:9d531408-c931-4805-953c-ca833f1674b4 user=SA
2024-10-04T14:15:14.221+07:00  INFO 24360 --- [demo] [main] com.zaxxer.hikari.HikariDataSource       : HikariPool-1 - Start completed.
2024-10-04T14:15:14.301+07:00  INFO 24360 --- [demo] [main] o.hibernate.jpa.internal.util.LogHelper  : HHH000204: Processing PersistenceUnitInfo [name: default]
2024-10-04T14:15:14.403+07:00  INFO 24360 --- [demo] [main] org.hibernate.Version                    : HHH000412: Hibernate ORM core version 6.5.3.Final
2024-10-04T14:15:14.477+07:00  INFO 24360 --- [demo] [main] o.h.c.internal.RegionFactoryInitiator    : HHH000026: Second-level cache disabled
2024-10-04T14:15:14.901+07:00  INFO 24360 --- [demo] [main] o.s.o.j.p.SpringPersistenceUnitInfo      : No LoadTimeWeaver setup: ignoring JPA class transformer
2024-10-04T14:15:15.438+07:00  INFO 24360 --- [demo] [main] o.h.e.t.j.p.i.JtaPlatformInitiator       : HHH000489: No JTA platform available (set 'hibernate.transaction.jta.platform' to enable JTA platform integration)
2024-10-04T14:15:15.444+07:00  INFO 24360 --- [demo] [main] j.LocalContainerEntityManagerFactoryBean : Initialized JPA EntityManagerFactory for persistence unit 'default'
2024-10-04T14:15:15.548+07:00  WARN 24360 --- [demo] [main] JpaBaseConfiguration$JpaWebConfiguration : spring.jpa.open-in-view is enabled by default. Therefore, database queries may be performed during view rendering. Explicitly configure spring.jpa.open-in-view to disable this warning
2024-10-04T14:15:16.097+07:00  WARN 24360 --- [demo] [main] .s.s.UserDetailsServiceAutoConfiguration : 

Using generated security password: e1092522-7fb0-479f-ab3d-8d35621030c2

This generated password is for development use only. Your security configuration must be updated before running your application in production.

2024-10-04T14:15:16.146+07:00  INFO 24360 --- [demo] [main] r$InitializeUserDetailsManagerConfigurer : Global AuthenticationManager configured with UserDetailsService bean with name inMemoryUserDetailsManager
2024-10-04T14:15:16.414+07:00  INFO 24360 --- [demo] [main] o.s.b.w.embedded.tomcat.TomcatWebServer  : Tomcat started on port 8081 (http) with context path '/'
2024-10-04T14:15:16.424+07:00  INFO 24360 --- [demo] [main] com.example.demo.DemoApplication         : Started DemoApplication in 5.741 seconds (process running for 6.51)
2024-10-04T14:15:38.103+07:00  INFO 24360 --- [demo] [http-nio-8081-exec-2] o.a.c.c.C.[Tomcat].[localhost].[/]       : Initializing Spring DispatcherServlet 'dispatcherServlet'
2024-10-04T14:15:38.105+07:00  INFO 24360 --- [demo] [http-nio-8081-exec-2] o.s.web.servlet.DispatcherServlet        : Initializing Servlet 'dispatcherServlet'
2024-10-04T14:15:38.107+07:00  INFO 24360 --- [demo] [http-nio-8081-exec-2] o.s.web.servlet.DispatcherServlet        : Completed initialization in 2 ms
